#
# A fatal error has been detected by the Java Runtime Environment:
#
#  EXCEPTION_ACCESS_VIOLATION (0xc0000005) at pc=0x00007ffd54d93375, pid=29712, tid=18792
#
# JRE version: Java(TM) SE Runtime Environment 18.9 (11.0.16.1+1) (build 11.0.16.1+1-LTS-1)
# Java VM: Java HotSpot(TM) 64-Bit Server VM 18.9 (11.0.16.1+1-LTS-1, mixed mode, tiered, compressed oops, g1 gc, windows-amd64)
# Problematic frame:
# V  [jvm.dll+0x5d3375]
#
# No core dump will be written. Minidumps are not enabled by default on client versions of Windows
#
# If you would like to submit a bug report, please visit:
#   https://bugreport.java.com/bugreport/crash.jsp
#

---------------  S U M M A R Y ------------

Command Line: -agentlib:jdwp=transport=dt_socket,suspend=y,address=localhost:50518 -javaagent:C:\dev64\eclipse\configuration\org.eclipse.osgi\421\0\.cp\lib\javaagent-shaded.jar -Dfile.encoding=UTF-8 codingtest.Main

Host: 11th Gen Intel(R) Core(TM) i5-1135G7 @ 2.40GHz, 8 cores, 15G,  Windows 10 , 64 bit Build 19041 (10.0.19041.1889)
Time: Thu Nov  3 15:30:47 2022  Windows 10 , 64 bit Build 19041 (10.0.19041.1889) elapsed time: 2908.229519 seconds (0d 0h 48m 28s)

---------------  T H R E A D  ---------------

Current thread (0x000001c4c1faf000):  VMThread "VM Thread" [stack: 0x0000000ed6800000,0x0000000ed6900000] [id=18792]

Stack: [0x0000000ed6800000,0x0000000ed6900000],  sp=0x0000000ed68ff088,  free space=1020k
Native frames: (J=compiled Java code, j=interpreted, Vv=VM code, C=native code)
V  [jvm.dll+0x5d3375]


siginfo: EXCEPTION_ACCESS_VIOLATION (0xc0000005), reading address 0xffffffffffffffff


Register to memory mapping:

RIP=0x00007ffd54d93375 jvm.dll
RAX=0xbb007ffd55068758 is an unknown value
RBX=0x0 is NULL
RCX=0x000001c4c27c7a50 is pointing into metadata
RDX=0x000001c49ed94801 points into unknown readable memory: 78 08 55 fd 7f 00 00
RSP=0x0000000ed68ff088 points into unknown readable memory: 0x00007ffd54ee4d0a | 0a 4d ee 54 fd 7f 00 00
RBP=0x00007ffd54d93370 jvm.dll
RSI=0x000001c49ed94800 is a thread
RDI=0x0 is NULL
R8 =0x0000000009592283 is an unknown value
R9 =0x000000007ffed000 points into unknown readable memory: 0x00000000546c6148 | 48 61 6c 54 00 00 00 00
R10=0x00000000546c6148 is an unknown value
R11=0x0000015f3ea7252c is an unknown value
R12=0x00007ffd54fe9760 jvm.dll
R13=0x00007ffd55240ce0 jvm.dll
R14=0x000001c4c1f6e8c8 points into unknown readable memory: 0x08190b17f81272d9 | d9 72 12 f8 17 0b 19 08
R15=0x00000000000003d8 is an unknown value


Registers:
RAX=0xbb007ffd55068758, RBX=0x0000000000000000, RCX=0x000001c4c27c7a50, RDX=0x000001c49ed94801
RSP=0x0000000ed68ff088, RBP=0x00007ffd54d93370, RSI=0x000001c49ed94800, RDI=0x0000000000000000
R8 =0x0000000009592283, R9 =0x000000007ffed000, R10=0x00000000546c6148, R11=0x0000015f3ea7252c
R12=0x00007ffd54fe9760, R13=0x00007ffd55240ce0, R14=0x000001c4c1f6e8c8, R15=0x00000000000003d8
RIP=0x00007ffd54d93375, EFLAGS=0x0000000000010206

Top of Stack: (sp=0x0000000ed68ff088)
0x0000000ed68ff088:   00007ffd54ee4d0a 0000000000000088
0x0000000ed68ff098:   000001c4c1f6e8c8 000001c4c1faf000
0x0000000ed68ff0a8:   0000000000000000 000000000000000d
0x0000000ed68ff0b8:   00007ffd54ee741f 000001c4c2dfbbb0
0x0000000ed68ff0c8:   0000000000000000 000001c4c1faf000
0x0000000ed68ff0d8:   00007ffd550800e8 00007ffd55088b80
0x0000000ed68ff0e8:   00007ffd54d93370 0000000ed68ff1e0
0x0000000ed68ff0f8:   00007ffd54d9323c 0000000000000001
0x0000000ed68ff108:   0000000ed73ff2a0 00003c2700000006
0x0000000ed68ff118:   0000000ed68ff298 000001c4c1f6e4e0
0x0000000ed68ff128:   00007ffd54cb3f56 0000000ed73ff2a0
0x0000000ed68ff138:   00007ffd54fe9760 000001c4c1f6e4e0
0x0000000ed68ff148:   00007ffd54c9ba2c 0000000ed73ff280
0x0000000ed68ff158:   0000000ed73ff280 000001c4c1f6e4f0
0x0000000ed68ff168:   0000000ed73ff280 000001c4c2d5ab40
0x0000000ed68ff178:   0000000ed73ff430 0000000000000000 

Instructions: (pc=0x00007ffd54d93375)
0x00007ffd54d93355:   48 89 2d d4 60 48 00 48 83 c4 20 5d c3 cc cc cc
0x00007ffd54d93365:   cc cc cc cc cc cc cc cc cc cc cc 48 8b 01 b2 01
0x00007ffd54d93375:   48 ff 60 68 cc cc cc cc cc cc cc 40 53 48 83 ec
0x00007ffd54d93385:   20 48 8b 15 b3 60 48 00 48 8b d9 48 85 d2 74 21 


Stack slot to memory mapping:
stack at sp + 0 slots: 0x00007ffd54ee4d0a jvm.dll
stack at sp + 1 slots: 0x0000000000000088 is an unknown value
stack at sp + 2 slots: 0x000001c4c1f6e8c8 points into unknown readable memory: 0x08190b17f81272d9 | d9 72 12 f8 17 0b 19 08
stack at sp + 3 slots: 0x000001c4c1faf000 points into unknown readable memory: 0x00007ffd550a5f88 | 88 5f 0a 55 fd 7f 00 00
stack at sp + 4 slots: 0x0 is NULL
stack at sp + 5 slots: 0x000000000000000d is an unknown value
stack at sp + 6 slots: 0x00007ffd54ee741f jvm.dll
stack at sp + 7 slots: 0x000001c4c2dfbbb0 points into unknown readable memory: 0x000001c49ed94800 | 00 48 d9 9e c4 01 00 00

VM_Operation (0x0000000ed73ff2a0): RedefineClasses, mode: safepoint, requested by thread 0x000001c4c2bc5800


---------------  P R O C E S S  ---------------

Threads class SMR info:
_java_thread_list=0x000001c4c2fd6710, length=13, elements={
0x000001c49ed94800, 0x000001c4c1fb1000, 0x000001c4c1fb2800, 0x000001c4c28d1000,
0x000001c4c28d4000, 0x000001c4c28d8000, 0x000001c4c1fd9000, 0x000001c4c1fdc000,
0x000001c4c28f5800, 0x000001c4c2a4e000, 0x000001c4c2bc5800, 0x000001c4c2d94000,
0x000001c4c2d97000
}

Java Threads: ( => current thread )
  0x000001c49ed94800 JavaThread "main" [_thread_blocked, id=20948, stack(0x0000000ed6200000,0x0000000ed6300000)]
  0x000001c4c1fb1000 JavaThread "Reference Handler" daemon [_thread_blocked, id=16680, stack(0x0000000ed6900000,0x0000000ed6a00000)]
  0x000001c4c1fb2800 JavaThread "Finalizer" daemon [_thread_blocked, id=30368, stack(0x0000000ed6a00000,0x0000000ed6b00000)]
  0x000001c4c28d1000 JavaThread "Signal Dispatcher" daemon [_thread_blocked, id=25460, stack(0x0000000ed6b00000,0x0000000ed6c00000)]
  0x000001c4c28d4000 JavaThread "Attach Listener" daemon [_thread_blocked, id=32096, stack(0x0000000ed6c00000,0x0000000ed6d00000)]
  0x000001c4c28d8000 JavaThread "Service Thread" daemon [_thread_blocked, id=29852, stack(0x0000000ed6d00000,0x0000000ed6e00000)]
  0x000001c4c1fd9000 JavaThread "C2 CompilerThread0" daemon [_thread_blocked, id=32224, stack(0x0000000ed6e00000,0x0000000ed6f00000)]
  0x000001c4c1fdc000 JavaThread "C1 CompilerThread0" daemon [_thread_blocked, id=41284, stack(0x0000000ed6f00000,0x0000000ed7000000)]
  0x000001c4c28f5800 JavaThread "Sweeper thread" daemon [_thread_blocked, id=19000, stack(0x0000000ed7000000,0x0000000ed7100000)]
  0x000001c4c2a4e000 JavaThread "Common-Cleaner" daemon [_thread_blocked, id=26964, stack(0x0000000ed7100000,0x0000000ed7200000)]
  0x000001c4c2bc5800 JavaThread "JDWP Transport Listener: dt_socket" daemon [_thread_blocked, id=16612, stack(0x0000000ed7300000,0x0000000ed7400000)]
  0x000001c4c2d94000 JavaThread "JDWP Event Helper Thread" daemon [_thread_blocked, id=23244, stack(0x0000000ed7400000,0x0000000ed7500000)]
  0x000001c4c2d97000 JavaThread "JDWP Command Reader" daemon [_thread_in_native, id=13532, stack(0x0000000ed7500000,0x0000000ed7600000)]

Other Threads:
=>0x000001c4c1faf000 VMThread "VM Thread" [stack: 0x0000000ed6800000,0x0000000ed6900000] [id=18792]
  0x000001c4c2d4b000 WatcherThread [stack: 0x0000000ed7600000,0x0000000ed7700000] [id=40592]
  0x000001c49eda9800 GCTaskThread "GC Thread#0" [stack: 0x0000000ed6300000,0x0000000ed6400000] [id=6172]
  0x000001c4c2c8a800 GCTaskThread "GC Thread#1" [stack: 0x0000000ed7200000,0x0000000ed7300000] [id=18312]
  0x000001c4c2c8c000 GCTaskThread "GC Thread#2" [stack: 0x0000000ed7700000,0x0000000ed7800000] [id=29112]
  0x000001c4c2c89800 GCTaskThread "GC Thread#3" [stack: 0x0000000ed7800000,0x0000000ed7900000] [id=40452]
  0x000001c4c2c8b000 GCTaskThread "GC Thread#4" [stack: 0x0000000ed7900000,0x0000000ed7a00000] [id=22672]
  0x000001c4c2c89000 GCTaskThread "GC Thread#5" [stack: 0x0000000ed7a00000,0x0000000ed7b00000] [id=6340]
  0x000001c49ee14000 ConcurrentGCThread "G1 Main Marker" [stack: 0x0000000ed6400000,0x0000000ed6500000] [id=25260]
  0x000001c49ee16800 ConcurrentGCThread "G1 Conc#0" [stack: 0x0000000ed6500000,0x0000000ed6600000] [id=35628]
  0x000001c4c1e94800 ConcurrentGCThread "G1 Refine#0" [stack: 0x0000000ed6600000,0x0000000ed6700000] [id=41816]
  0x000001c4c1e95800 ConcurrentGCThread "G1 Young RemSet Sampling" [stack: 0x0000000ed6700000,0x0000000ed6800000] [id=41192]

Threads with active compile tasks:

VM state:at safepoint (normal execution)

VM Mutex/Monitor currently owned by a thread:  ([mutex/lock_event])
[0x000001c49ed91aa0] Threads_lock - owner thread: 0x000001c4c1faf000

Heap address: 0x0000000704800000, size: 4024 MB, Compressed Oops mode: Zero based, Oop shift amount: 3
Narrow klass base: 0x0000000800000000, Narrow klass shift: 0
Compressed class space size: 1073741824 Address: 0x0000000800000000

Heap:
 garbage-first heap   total 258048K, used 45868K [0x0000000704800000, 0x0000000800000000)
  region size 1024K, 46 young (47104K), 1 survivors (1024K)
 Metaspace       used 8925K, capacity 9028K, committed 9088K, reserved 1056768K
  class space    used 787K, capacity 836K, committed 896K, reserved 1048576K
Heap Regions: E=young(eden), S=young(survivor), O=old, HS=humongous(starts), HC=humongous(continues), CS=collection set, F=free, A=archive, TAMS=top-at-mark-start (previous, next)
|   0|0x0000000704800000, 0x0000000704900000, 0x0000000704900000|100%| O|  |TAMS 0x0000000704800000, 0x0000000704800000| Untracked 
|   1|0x0000000704900000, 0x000000070499b600, 0x0000000704a00000| 60%| O|  |TAMS 0x0000000704900000, 0x0000000704900000| Untracked 
|   2|0x0000000704a00000, 0x0000000704a00000, 0x0000000704b00000|  0%| F|  |TAMS 0x0000000704a00000, 0x0000000704a00000| Untracked 
|   3|0x0000000704b00000, 0x0000000704b00000, 0x0000000704c00000|  0%| F|  |TAMS 0x0000000704b00000, 0x0000000704b00000| Untracked 
|   4|0x0000000704c00000, 0x0000000704c00000, 0x0000000704d00000|  0%| F|  |TAMS 0x0000000704c00000, 0x0000000704c00000| Untracked 
|   5|0x0000000704d00000, 0x0000000704d00000, 0x0000000704e00000|  0%| F|  |TAMS 0x0000000704d00000, 0x0000000704d00000| Untracked 
|   6|0x0000000704e00000, 0x0000000704e00000, 0x0000000704f00000|  0%| F|  |TAMS 0x0000000704e00000, 0x0000000704e00000| Untracked 
|   7|0x0000000704f00000, 0x0000000704f00000, 0x0000000705000000|  0%| F|  |TAMS 0x0000000704f00000, 0x0000000704f00000| Untracked 
|   8|0x0000000705000000, 0x0000000705000000, 0x0000000705100000|  0%| F|  |TAMS 0x0000000705000000, 0x0000000705000000| Untracked 
|   9|0x0000000705100000, 0x0000000705100000, 0x0000000705200000|  0%| F|  |TAMS 0x0000000705100000, 0x0000000705100000| Untracked 
|  10|0x0000000705200000, 0x0000000705200000, 0x0000000705300000|  0%| F|  |TAMS 0x0000000705200000, 0x0000000705200000| Untracked 
|  11|0x0000000705300000, 0x0000000705300000, 0x0000000705400000|  0%| F|  |TAMS 0x0000000705300000, 0x0000000705300000| Untracked 
|  12|0x0000000705400000, 0x0000000705400000, 0x0000000705500000|  0%| F|  |TAMS 0x0000000705400000, 0x0000000705400000| Untracked 
|  13|0x0000000705500000, 0x0000000705500000, 0x0000000705600000|  0%| F|  |TAMS 0x0000000705500000, 0x0000000705500000| Untracked 
|  14|0x0000000705600000, 0x0000000705600000, 0x0000000705700000|  0%| F|  |TAMS 0x0000000705600000, 0x0000000705600000| Untracked 
|  15|0x0000000705700000, 0x0000000705700000, 0x0000000705800000|  0%| F|  |TAMS 0x0000000705700000, 0x0000000705700000| Untracked 
|  16|0x0000000705800000, 0x0000000705800000, 0x0000000705900000|  0%| F|  |TAMS 0x0000000705800000, 0x0000000705800000| Untracked 
|  17|0x0000000705900000, 0x0000000705900000, 0x0000000705a00000|  0%| F|  |TAMS 0x0000000705900000, 0x0000000705900000| Untracked 
|  18|0x0000000705a00000, 0x0000000705a00000, 0x0000000705b00000|  0%| F|  |TAMS 0x0000000705a00000, 0x0000000705a00000| Untracked 
|  19|0x0000000705b00000, 0x0000000705b00000, 0x0000000705c00000|  0%| F|  |TAMS 0x0000000705b00000, 0x0000000705b00000| Untracked 
|  20|0x0000000705c00000, 0x0000000705c00000, 0x0000000705d00000|  0%| F|  |TAMS 0x0000000705c00000, 0x0000000705c00000| Untracked 
|  21|0x0000000705d00000, 0x0000000705d00000, 0x0000000705e00000|  0%| F|  |TAMS 0x0000000705d00000, 0x0000000705d00000| Untracked 
|  22|0x0000000705e00000, 0x0000000705e00000, 0x0000000705f00000|  0%| F|  |TAMS 0x0000000705e00000, 0x0000000705e00000| Untracked 
|  23|0x0000000705f00000, 0x0000000705f00000, 0x0000000706000000|  0%| F|  |TAMS 0x0000000705f00000, 0x0000000705f00000| Untracked 
|  24|0x0000000706000000, 0x0000000706000000, 0x0000000706100000|  0%| F|  |TAMS 0x0000000706000000, 0x0000000706000000| Untracked 
|  25|0x0000000706100000, 0x0000000706100000, 0x0000000706200000|  0%| F|  |TAMS 0x0000000706100000, 0x0000000706100000| Untracked 
|  26|0x0000000706200000, 0x0000000706200000, 0x0000000706300000|  0%| F|  |TAMS 0x0000000706200000, 0x0000000706200000| Untracked 
|  27|0x0000000706300000, 0x0000000706300000, 0x0000000706400000|  0%| F|  |TAMS 0x0000000706300000, 0x0000000706300000| Untracked 
|  28|0x0000000706400000, 0x0000000706400000, 0x0000000706500000|  0%| F|  |TAMS 0x0000000706400000, 0x0000000706400000| Untracked 
|  29|0x0000000706500000, 0x0000000706500000, 0x0000000706600000|  0%| F|  |TAMS 0x0000000706500000, 0x0000000706500000| Untracked 
|  30|0x0000000706600000, 0x0000000706600000, 0x0000000706700000|  0%| F|  |TAMS 0x0000000706600000, 0x0000000706600000| Untracked 
|  31|0x0000000706700000, 0x0000000706700000, 0x0000000706800000|  0%| F|  |TAMS 0x0000000706700000, 0x0000000706700000| Untracked 
|  32|0x0000000706800000, 0x0000000706800000, 0x0000000706900000|  0%| F|  |TAMS 0x0000000706800000, 0x0000000706800000| Untracked 
|  33|0x0000000706900000, 0x0000000706900000, 0x0000000706a00000|  0%| F|  |TAMS 0x0000000706900000, 0x0000000706900000| Untracked 
|  34|0x0000000706a00000, 0x0000000706a00000, 0x0000000706b00000|  0%| F|  |TAMS 0x0000000706a00000, 0x0000000706a00000| Untracked 
|  35|0x0000000706b00000, 0x0000000706b00000, 0x0000000706c00000|  0%| F|  |TAMS 0x0000000706b00000, 0x0000000706b00000| Untracked 
|  36|0x0000000706c00000, 0x0000000706c00000, 0x0000000706d00000|  0%| F|  |TAMS 0x0000000706c00000, 0x0000000706c00000| Untracked 
|  37|0x0000000706d00000, 0x0000000706d00000, 0x0000000706e00000|  0%| F|  |TAMS 0x0000000706d00000, 0x0000000706d00000| Untracked 
|  38|0x0000000706e00000, 0x0000000706e00000, 0x0000000706f00000|  0%| F|  |TAMS 0x0000000706e00000, 0x0000000706e00000| Untracked 
|  39|0x0000000706f00000, 0x0000000706f00000, 0x0000000707000000|  0%| F|  |TAMS 0x0000000706f00000, 0x0000000706f00000| Untracked 
|  40|0x0000000707000000, 0x0000000707000000, 0x0000000707100000|  0%| F|  |TAMS 0x0000000707000000, 0x0000000707000000| Untracked 
|  41|0x0000000707100000, 0x0000000707100000, 0x0000000707200000|  0%| F|  |TAMS 0x0000000707100000, 0x0000000707100000| Untracked 
|  42|0x0000000707200000, 0x0000000707200000, 0x0000000707300000|  0%| F|  |TAMS 0x0000000707200000, 0x0000000707200000| Untracked 
|  43|0x0000000707300000, 0x0000000707300000, 0x0000000707400000|  0%| F|  |TAMS 0x0000000707300000, 0x0000000707300000| Untracked 
|  44|0x0000000707400000, 0x0000000707400000, 0x0000000707500000|  0%| F|  |TAMS 0x0000000707400000, 0x0000000707400000| Untracked 
|  45|0x0000000707500000, 0x0000000707500000, 0x0000000707600000|  0%| F|  |TAMS 0x0000000707500000, 0x0000000707500000| Untracked 
|  46|0x0000000707600000, 0x0000000707600000, 0x0000000707700000|  0%| F|  |TAMS 0x0000000707600000, 0x0000000707600000| Untracked 
|  47|0x0000000707700000, 0x0000000707700000, 0x0000000707800000|  0%| F|  |TAMS 0x0000000707700000, 0x0000000707700000| Untracked 
|  48|0x0000000707800000, 0x0000000707800000, 0x0000000707900000|  0%| F|  |TAMS 0x0000000707800000, 0x0000000707800000| Untracked 
|  49|0x0000000707900000, 0x0000000707900000, 0x0000000707a00000|  0%| F|  |TAMS 0x0000000707900000, 0x0000000707900000| Untracked 
|  50|0x0000000707a00000, 0x0000000707a00000, 0x0000000707b00000|  0%| F|  |TAMS 0x0000000707a00000, 0x0000000707a00000| Untracked 
|  51|0x0000000707b00000, 0x0000000707b00000, 0x0000000707c00000|  0%| F|  |TAMS 0x0000000707b00000, 0x0000000707b00000| Untracked 
|  52|0x0000000707c00000, 0x0000000707c00000, 0x0000000707d00000|  0%| F|  |TAMS 0x0000000707c00000, 0x0000000707c00000| Untracked 
|  53|0x0000000707d00000, 0x0000000707d00000, 0x0000000707e00000|  0%| F|  |TAMS 0x0000000707d00000, 0x0000000707d00000| Untracked 
|  54|0x0000000707e00000, 0x0000000707e00000, 0x0000000707f00000|  0%| F|  |TAMS 0x0000000707e00000, 0x0000000707e00000| Untracked 
|  55|0x0000000707f00000, 0x0000000707f00000, 0x0000000708000000|  0%| F|  |TAMS 0x0000000707f00000, 0x0000000707f00000| Untracked 
|  56|0x0000000708000000, 0x0000000708000000, 0x0000000708100000|  0%| F|  |TAMS 0x0000000708000000, 0x0000000708000000| Untracked 
|  57|0x0000000708100000, 0x0000000708100000, 0x0000000708200000|  0%| F|  |TAMS 0x0000000708100000, 0x0000000708100000| Untracked 
|  58|0x0000000708200000, 0x0000000708200000, 0x0000000708300000|  0%| F|  |TAMS 0x0000000708200000, 0x0000000708200000| Untracked 
|  59|0x0000000708300000, 0x0000000708300000, 0x0000000708400000|  0%| F|  |TAMS 0x0000000708300000, 0x0000000708300000| Untracked 
|  60|0x0000000708400000, 0x0000000708400000, 0x0000000708500000|  0%| F|  |TAMS 0x0000000708400000, 0x0000000708400000| Untracked 
|  61|0x0000000708500000, 0x0000000708500000, 0x0000000708600000|  0%| F|  |TAMS 0x0000000708500000, 0x0000000708500000| Untracked 
|  62|0x0000000708600000, 0x0000000708600000, 0x0000000708700000|  0%| F|  |TAMS 0x0000000708600000, 0x0000000708600000| Untracked 
|  63|0x0000000708700000, 0x0000000708700000, 0x0000000708800000|  0%| F|  |TAMS 0x0000000708700000, 0x0000000708700000| Untracked 
|  64|0x0000000708800000, 0x0000000708800000, 0x0000000708900000|  0%| F|  |TAMS 0x0000000708800000, 0x0000000708800000| Untracked 
|  65|0x0000000708900000, 0x0000000708900000, 0x0000000708a00000|  0%| F|  |TAMS 0x0000000708900000, 0x0000000708900000| Untracked 
|  66|0x0000000708a00000, 0x0000000708a00000, 0x0000000708b00000|  0%| F|  |TAMS 0x0000000708a00000, 0x0000000708a00000| Untracked 
|  67|0x0000000708b00000, 0x0000000708b00000, 0x0000000708c00000|  0%| F|  |TAMS 0x0000000708b00000, 0x0000000708b00000| Untracked 
|  68|0x0000000708c00000, 0x0000000708c00000, 0x0000000708d00000|  0%| F|  |TAMS 0x0000000708c00000, 0x0000000708c00000| Untracked 
|  69|0x0000000708d00000, 0x0000000708d00000, 0x0000000708e00000|  0%| F|  |TAMS 0x0000000708d00000, 0x0000000708d00000| Untracked 
|  70|0x0000000708e00000, 0x0000000708e00000, 0x0000000708f00000|  0%| F|  |TAMS 0x0000000708e00000, 0x0000000708e00000| Untracked 
|  71|0x0000000708f00000, 0x0000000708f00000, 0x0000000709000000|  0%| F|  |TAMS 0x0000000708f00000, 0x0000000708f00000| Untracked 
|  72|0x0000000709000000, 0x0000000709000000, 0x0000000709100000|  0%| F|  |TAMS 0x0000000709000000, 0x0000000709000000| Untracked 
|  73|0x0000000709100000, 0x0000000709100000, 0x0000000709200000|  0%| F|  |TAMS 0x0000000709100000, 0x0000000709100000| Untracked 
|  74|0x0000000709200000, 0x0000000709200000, 0x0000000709300000|  0%| F|  |TAMS 0x0000000709200000, 0x0000000709200000| Untracked 
|  75|0x0000000709300000, 0x0000000709300000, 0x0000000709400000|  0%| F|  |TAMS 0x0000000709300000, 0x0000000709300000| Untracked 
|  76|0x0000000709400000, 0x0000000709400000, 0x0000000709500000|  0%| F|  |TAMS 0x0000000709400000, 0x0000000709400000| Untracked 
|  77|0x0000000709500000, 0x0000000709500000, 0x0000000709600000|  0%| F|  |TAMS 0x0000000709500000, 0x0000000709500000| Untracked 
|  78|0x0000000709600000, 0x0000000709600000, 0x0000000709700000|  0%| F|  |TAMS 0x0000000709600000, 0x0000000709600000| Untracked 
|  79|0x0000000709700000, 0x0000000709700000, 0x0000000709800000|  0%| F|  |TAMS 0x0000000709700000, 0x0000000709700000| Untracked 
|  80|0x0000000709800000, 0x0000000709800000, 0x0000000709900000|  0%| F|  |TAMS 0x0000000709800000, 0x0000000709800000| Untracked 
|  81|0x0000000709900000, 0x0000000709900000, 0x0000000709a00000|  0%| F|  |TAMS 0x0000000709900000, 0x0000000709900000| Untracked 
|  82|0x0000000709a00000, 0x0000000709a00000, 0x0000000709b00000|  0%| F|  |TAMS 0x0000000709a00000, 0x0000000709a00000| Untracked 
|  83|0x0000000709b00000, 0x0000000709b00000, 0x0000000709c00000|  0%| F|  |TAMS 0x0000000709b00000, 0x0000000709b00000| Untracked 
|  84|0x0000000709c00000, 0x0000000709c00000, 0x0000000709d00000|  0%| F|  |TAMS 0x0000000709c00000, 0x0000000709c00000| Untracked 
|  85|0x0000000709d00000, 0x0000000709d00000, 0x0000000709e00000|  0%| F|  |TAMS 0x0000000709d00000, 0x0000000709d00000| Untracked 
|  86|0x0000000709e00000, 0x0000000709e00000, 0x0000000709f00000|  0%| F|  |TAMS 0x0000000709e00000, 0x0000000709e00000| Untracked 
|  87|0x0000000709f00000, 0x0000000709f00000, 0x000000070a000000|  0%| F|  |TAMS 0x0000000709f00000, 0x0000000709f00000| Untracked 
|  88|0x000000070a000000, 0x000000070a000000, 0x000000070a100000|  0%| F|  |TAMS 0x000000070a000000, 0x000000070a000000| Untracked 
|  89|0x000000070a100000, 0x000000070a100000, 0x000000070a200000|  0%| F|  |TAMS 0x000000070a100000, 0x000000070a100000| Untracked 
|  90|0x000000070a200000, 0x000000070a200000, 0x000000070a300000|  0%| F|  |TAMS 0x000000070a200000, 0x000000070a200000| Untracked 
|  91|0x000000070a300000, 0x000000070a300000, 0x000000070a400000|  0%| F|  |TAMS 0x000000070a300000, 0x000000070a300000| Untracked 
|  92|0x000000070a400000, 0x000000070a400000, 0x000000070a500000|  0%| F|  |TAMS 0x000000070a400000, 0x000000070a400000| Untracked 
|  93|0x000000070a500000, 0x000000070a500000, 0x000000070a600000|  0%| F|  |TAMS 0x000000070a500000, 0x000000070a500000| Untracked 
|  94|0x000000070a600000, 0x000000070a600000, 0x000000070a700000|  0%| F|  |TAMS 0x000000070a600000, 0x000000070a600000| Untracked 
|  95|0x000000070a700000, 0x000000070a700000, 0x000000070a800000|  0%| F|  |TAMS 0x000000070a700000, 0x000000070a700000| Untracked 
|  96|0x000000070a800000, 0x000000070a800000, 0x000000070a900000|  0%| F|  |TAMS 0x000000070a800000, 0x000000070a800000| Untracked 
|  97|0x000000070a900000, 0x000000070a900000, 0x000000070aa00000|  0%| F|  |TAMS 0x000000070a900000, 0x000000070a900000| Untracked 
|  98|0x000000070aa00000, 0x000000070aa00000, 0x000000070ab00000|  0%| F|  |TAMS 0x000000070aa00000, 0x000000070aa00000| Untracked 
|  99|0x000000070ab00000, 0x000000070ab00000, 0x000000070ac00000|  0%| F|  |TAMS 0x000000070ab00000, 0x000000070ab00000| Untracked 
| 100|0x000000070ac00000, 0x000000070ac00000, 0x000000070ad00000|  0%| F|  |TAMS 0x000000070ac00000, 0x000000070ac00000| Untracked 
| 101|0x000000070ad00000, 0x000000070ad2fa08, 0x000000070ae00000| 18%| S|CS|TAMS 0x000000070ad00000, 0x000000070ad00000| Complete 
| 102|0x000000070ae00000, 0x000000070ae00000, 0x000000070af00000|  0%| F|  |TAMS 0x000000070ae00000, 0x000000070ae00000| Untracked 
| 103|0x000000070af00000, 0x000000070af00000, 0x000000070b000000|  0%| F|  |TAMS 0x000000070af00000, 0x000000070af00000| Untracked 
| 104|0x000000070b000000, 0x000000070b000000, 0x000000070b100000|  0%| F|  |TAMS 0x000000070b000000, 0x000000070b000000| Untracked 
| 105|0x000000070b100000, 0x000000070b100000, 0x000000070b200000|  0%| F|  |TAMS 0x000000070b100000, 0x000000070b100000| Untracked 
| 106|0x000000070b200000, 0x000000070b200000, 0x000000070b300000|  0%| F|  |TAMS 0x000000070b200000, 0x000000070b200000| Untracked 
| 107|0x000000070b300000, 0x000000070b300000, 0x000000070b400000|  0%| F|  |TAMS 0x000000070b300000, 0x000000070b300000| Untracked 
| 108|0x000000070b400000, 0x000000070b400000, 0x000000070b500000|  0%| F|  |TAMS 0x000000070b400000, 0x000000070b400000| Untracked 
| 109|0x000000070b500000, 0x000000070b500000, 0x000000070b600000|  0%| F|  |TAMS 0x000000070b500000, 0x000000070b500000| Untracked 
| 110|0x000000070b600000, 0x000000070b600000, 0x000000070b700000|  0%| F|  |TAMS 0x000000070b600000, 0x000000070b600000| Untracked 
| 111|0x000000070b700000, 0x000000070b700000, 0x000000070b800000|  0%| F|  |TAMS 0x000000070b700000, 0x000000070b700000| Untracked 
| 112|0x000000070b800000, 0x000000070b800000, 0x000000070b900000|  0%| F|  |TAMS 0x000000070b800000, 0x000000070b800000| Untracked 
| 113|0x000000070b900000, 0x000000070b900000, 0x000000070ba00000|  0%| F|  |TAMS 0x000000070b900000, 0x000000070b900000| Untracked 
| 114|0x000000070ba00000, 0x000000070ba00000, 0x000000070bb00000|  0%| F|  |TAMS 0x000000070ba00000, 0x000000070ba00000| Untracked 
| 115|0x000000070bb00000, 0x000000070bb00000, 0x000000070bc00000|  0%| F|  |TAMS 0x000000070bb00000, 0x000000070bb00000| Untracked 
| 116|0x000000070bc00000, 0x000000070bc00000, 0x000000070bd00000|  0%| F|  |TAMS 0x000000070bc00000, 0x000000070bc00000| Untracked 
| 117|0x000000070bd00000, 0x000000070bd00000, 0x000000070be00000|  0%| F|  |TAMS 0x000000070bd00000, 0x000000070bd00000| Untracked 
| 118|0x000000070be00000, 0x000000070be00000, 0x000000070bf00000|  0%| F|  |TAMS 0x000000070be00000, 0x000000070be00000| Untracked 
| 119|0x000000070bf00000, 0x000000070bf00000, 0x000000070c000000|  0%| F|  |TAMS 0x000000070bf00000, 0x000000070bf00000| Untracked 
| 120|0x000000070c000000, 0x000000070c000000, 0x000000070c100000|  0%| F|  |TAMS 0x000000070c000000, 0x000000070c000000| Untracked 
| 121|0x000000070c100000, 0x000000070c100000, 0x000000070c200000|  0%| F|  |TAMS 0x000000070c100000, 0x000000070c100000| Untracked 
| 122|0x000000070c200000, 0x000000070c200000, 0x000000070c300000|  0%| F|  |TAMS 0x000000070c200000, 0x000000070c200000| Untracked 
| 123|0x000000070c300000, 0x000000070c300000, 0x000000070c400000|  0%| F|  |TAMS 0x000000070c300000, 0x000000070c300000| Untracked 
| 124|0x000000070c400000, 0x000000070c400000, 0x000000070c500000|  0%| F|  |TAMS 0x000000070c400000, 0x000000070c400000| Untracked 
| 125|0x000000070c500000, 0x000000070c500000, 0x000000070c600000|  0%| F|  |TAMS 0x000000070c500000, 0x000000070c500000| Untracked 
| 126|0x000000070c600000, 0x000000070c600000, 0x000000070c700000|  0%| F|  |TAMS 0x000000070c600000, 0x000000070c600000| Untracked 
| 127|0x000000070c700000, 0x000000070c700000, 0x000000070c800000|  0%| F|  |TAMS 0x000000070c700000, 0x000000070c700000| Untracked 
| 128|0x000000070c800000, 0x000000070c800000, 0x000000070c900000|  0%| F|  |TAMS 0x000000070c800000, 0x000000070c800000| Untracked 
| 129|0x000000070c900000, 0x000000070c900000, 0x000000070ca00000|  0%| F|  |TAMS 0x000000070c900000, 0x000000070c900000| Untracked 
| 130|0x000000070ca00000, 0x000000070ca00000, 0x000000070cb00000|  0%| F|  |TAMS 0x000000070ca00000, 0x000000070ca00000| Untracked 
| 131|0x000000070cb00000, 0x000000070cb00000, 0x000000070cc00000|  0%| F|  |TAMS 0x000000070cb00000, 0x000000070cb00000| Untracked 
| 132|0x000000070cc00000, 0x000000070cc00000, 0x000000070cd00000|  0%| F|  |TAMS 0x000000070cc00000, 0x000000070cc00000| Untracked 
| 133|0x000000070cd00000, 0x000000070cd00000, 0x000000070ce00000|  0%| F|  |TAMS 0x000000070cd00000, 0x000000070cd00000| Untracked 
| 134|0x000000070ce00000, 0x000000070ce00000, 0x000000070cf00000|  0%| F|  |TAMS 0x000000070ce00000, 0x000000070ce00000| Untracked 
| 135|0x000000070cf00000, 0x000000070cf00000, 0x000000070d000000|  0%| F|  |TAMS 0x000000070cf00000, 0x000000070cf00000| Untracked 
| 136|0x000000070d000000, 0x000000070d000000, 0x000000070d100000|  0%| F|  |TAMS 0x000000070d000000, 0x000000070d000000| Untracked 
| 137|0x000000070d100000, 0x000000070d100000, 0x000000070d200000|  0%| F|  |TAMS 0x000000070d100000, 0x000000070d100000| Untracked 
| 138|0x000000070d200000, 0x000000070d200000, 0x000000070d300000|  0%| F|  |TAMS 0x000000070d200000, 0x000000070d200000| Untracked 
| 139|0x000000070d300000, 0x000000070d300000, 0x000000070d400000|  0%| F|  |TAMS 0x000000070d300000, 0x000000070d300000| Untracked 
| 140|0x000000070d400000, 0x000000070d400000, 0x000000070d500000|  0%| F|  |TAMS 0x000000070d400000, 0x000000070d400000| Untracked 
| 141|0x000000070d500000, 0x000000070d500000, 0x000000070d600000|  0%| F|  |TAMS 0x000000070d500000, 0x000000070d500000| Untracked 
| 142|0x000000070d600000, 0x000000070d600000, 0x000000070d700000|  0%| F|  |TAMS 0x000000070d600000, 0x000000070d600000| Untracked 
| 143|0x000000070d700000, 0x000000070d700000, 0x000000070d800000|  0%| F|  |TAMS 0x000000070d700000, 0x000000070d700000| Untracked 
| 144|0x000000070d800000, 0x000000070d800000, 0x000000070d900000|  0%| F|  |TAMS 0x000000070d800000, 0x000000070d800000| Untracked 
| 145|0x000000070d900000, 0x000000070d900000, 0x000000070da00000|  0%| F|  |TAMS 0x000000070d900000, 0x000000070d900000| Untracked 
| 146|0x000000070da00000, 0x000000070da00000, 0x000000070db00000|  0%| F|  |TAMS 0x000000070da00000, 0x000000070da00000| Untracked 
| 147|0x000000070db00000, 0x000000070db00000, 0x000000070dc00000|  0%| F|  |TAMS 0x000000070db00000, 0x000000070db00000| Untracked 
| 148|0x000000070dc00000, 0x000000070dc00000, 0x000000070dd00000|  0%| F|  |TAMS 0x000000070dc00000, 0x000000070dc00000| Untracked 
| 149|0x000000070dd00000, 0x000000070dd00000, 0x000000070de00000|  0%| F|  |TAMS 0x000000070dd00000, 0x000000070dd00000| Untracked 
| 150|0x000000070de00000, 0x000000070de00000, 0x000000070df00000|  0%| F|  |TAMS 0x000000070de00000, 0x000000070de00000| Untracked 
| 151|0x000000070df00000, 0x000000070df00000, 0x000000070e000000|  0%| F|  |TAMS 0x000000070df00000, 0x000000070df00000| Untracked 
| 152|0x000000070e000000, 0x000000070e000000, 0x000000070e100000|  0%| F|  |TAMS 0x000000070e000000, 0x000000070e000000| Untracked 
| 153|0x000000070e100000, 0x000000070e100000, 0x000000070e200000|  0%| F|  |TAMS 0x000000070e100000, 0x000000070e100000| Untracked 
| 154|0x000000070e200000, 0x000000070e200000, 0x000000070e300000|  0%| F|  |TAMS 0x000000070e200000, 0x000000070e200000| Untracked 
| 155|0x000000070e300000, 0x000000070e300000, 0x000000070e400000|  0%| F|  |TAMS 0x000000070e300000, 0x000000070e300000| Untracked 
| 156|0x000000070e400000, 0x000000070e400000, 0x000000070e500000|  0%| F|  |TAMS 0x000000070e400000, 0x000000070e400000| Untracked 
| 157|0x000000070e500000, 0x000000070e500000, 0x000000070e600000|  0%| F|  |TAMS 0x000000070e500000, 0x000000070e500000| Untracked 
| 158|0x000000070e600000, 0x000000070e600000, 0x000000070e700000|  0%| F|  |TAMS 0x000000070e600000, 0x000000070e600000| Untracked 
| 159|0x000000070e700000, 0x000000070e700000, 0x000000070e800000|  0%| F|  |TAMS 0x000000070e700000, 0x000000070e700000| Untracked 
| 160|0x000000070e800000, 0x000000070e800000, 0x000000070e900000|  0%| F|  |TAMS 0x000000070e800000, 0x000000070e800000| Untracked 
| 161|0x000000070e900000, 0x000000070e900000, 0x000000070ea00000|  0%| F|  |TAMS 0x000000070e900000, 0x000000070e900000| Untracked 
| 162|0x000000070ea00000, 0x000000070ea00000, 0x000000070eb00000|  0%| F|  |TAMS 0x000000070ea00000, 0x000000070ea00000| Untracked 
| 163|0x000000070eb00000, 0x000000070eb00000, 0x000000070ec00000|  0%| F|  |TAMS 0x000000070eb00000, 0x000000070eb00000| Untracked 
| 164|0x000000070ec00000, 0x000000070ec00000, 0x000000070ed00000|  0%| F|  |TAMS 0x000000070ec00000, 0x000000070ec00000| Untracked 
| 165|0x000000070ed00000, 0x000000070ed00000, 0x000000070ee00000|  0%| F|  |TAMS 0x000000070ed00000, 0x000000070ed00000| Untracked 
| 166|0x000000070ee00000, 0x000000070ee00000, 0x000000070ef00000|  0%| F|  |TAMS 0x000000070ee00000, 0x000000070ee00000| Untracked 
| 167|0x000000070ef00000, 0x000000070ef00000, 0x000000070f000000|  0%| F|  |TAMS 0x000000070ef00000, 0x000000070ef00000| Untracked 
| 168|0x000000070f000000, 0x000000070f000000, 0x000000070f100000|  0%| F|  |TAMS 0x000000070f000000, 0x000000070f000000| Untracked 
| 169|0x000000070f100000, 0x000000070f100000, 0x000000070f200000|  0%| F|  |TAMS 0x000000070f100000, 0x000000070f100000| Untracked 
| 170|0x000000070f200000, 0x000000070f200000, 0x000000070f300000|  0%| F|  |TAMS 0x000000070f200000, 0x000000070f200000| Untracked 
| 171|0x000000070f300000, 0x000000070f300000, 0x000000070f400000|  0%| F|  |TAMS 0x000000070f300000, 0x000000070f300000| Untracked 
| 172|0x000000070f400000, 0x000000070f400000, 0x000000070f500000|  0%| F|  |TAMS 0x000000070f400000, 0x000000070f400000| Untracked 
| 173|0x000000070f500000, 0x000000070f500000, 0x000000070f600000|  0%| F|  |TAMS 0x000000070f500000, 0x000000070f500000| Untracked 
| 174|0x000000070f600000, 0x000000070f600000, 0x000000070f700000|  0%| F|  |TAMS 0x000000070f600000, 0x000000070f600000| Untracked 
| 175|0x000000070f700000, 0x000000070f700000, 0x000000070f800000|  0%| F|  |TAMS 0x000000070f700000, 0x000000070f700000| Untracked 
| 176|0x000000070f800000, 0x000000070f800000, 0x000000070f900000|  0%| F|  |TAMS 0x000000070f800000, 0x000000070f800000| Untracked 
| 177|0x000000070f900000, 0x000000070f900000, 0x000000070fa00000|  0%| F|  |TAMS 0x000000070f900000, 0x000000070f900000| Untracked 
| 178|0x000000070fa00000, 0x000000070fa00000, 0x000000070fb00000|  0%| F|  |TAMS 0x000000070fa00000, 0x000000070fa00000| Untracked 
| 179|0x000000070fb00000, 0x000000070fb00000, 0x000000070fc00000|  0%| F|  |TAMS 0x000000070fb00000, 0x000000070fb00000| Untracked 
| 180|0x000000070fc00000, 0x000000070fc00000, 0x000000070fd00000|  0%| F|  |TAMS 0x000000070fc00000, 0x000000070fc00000| Untracked 
| 181|0x000000070fd00000, 0x000000070fd00000, 0x000000070fe00000|  0%| F|  |TAMS 0x000000070fd00000, 0x000000070fd00000| Untracked 
| 182|0x000000070fe00000, 0x000000070fe00000, 0x000000070ff00000|  0%| F|  |TAMS 0x000000070fe00000, 0x000000070fe00000| Untracked 
| 183|0x000000070ff00000, 0x000000070ff00000, 0x0000000710000000|  0%| F|  |TAMS 0x000000070ff00000, 0x000000070ff00000| Untracked 
| 184|0x0000000710000000, 0x0000000710000000, 0x0000000710100000|  0%| F|  |TAMS 0x0000000710000000, 0x0000000710000000| Untracked 
| 185|0x0000000710100000, 0x0000000710100000, 0x0000000710200000|  0%| F|  |TAMS 0x0000000710100000, 0x0000000710100000| Untracked 
| 186|0x0000000710200000, 0x0000000710200000, 0x0000000710300000|  0%| F|  |TAMS 0x0000000710200000, 0x0000000710200000| Untracked 
| 187|0x0000000710300000, 0x0000000710300000, 0x0000000710400000|  0%| F|  |TAMS 0x0000000710300000, 0x0000000710300000| Untracked 
| 188|0x0000000710400000, 0x0000000710400000, 0x0000000710500000|  0%| F|  |TAMS 0x0000000710400000, 0x0000000710400000| Untracked 
| 189|0x0000000710500000, 0x0000000710500000, 0x0000000710600000|  0%| F|  |TAMS 0x0000000710500000, 0x0000000710500000| Untracked 
| 190|0x0000000710600000, 0x0000000710600000, 0x0000000710700000|  0%| F|  |TAMS 0x0000000710600000, 0x0000000710600000| Untracked 
| 191|0x0000000710700000, 0x0000000710700000, 0x0000000710800000|  0%| F|  |TAMS 0x0000000710700000, 0x0000000710700000| Untracked 
| 192|0x0000000710800000, 0x0000000710800000, 0x0000000710900000|  0%| F|  |TAMS 0x0000000710800000, 0x0000000710800000| Untracked 
| 193|0x0000000710900000, 0x0000000710900000, 0x0000000710a00000|  0%| F|  |TAMS 0x0000000710900000, 0x0000000710900000| Untracked 
| 194|0x0000000710a00000, 0x0000000710a00000, 0x0000000710b00000|  0%| F|  |TAMS 0x0000000710a00000, 0x0000000710a00000| Untracked 
| 195|0x0000000710b00000, 0x0000000710b00000, 0x0000000710c00000|  0%| F|  |TAMS 0x0000000710b00000, 0x0000000710b00000| Untracked 
| 196|0x0000000710c00000, 0x0000000710c00000, 0x0000000710d00000|  0%| F|  |TAMS 0x0000000710c00000, 0x0000000710c00000| Untracked 
| 197|0x0000000710d00000, 0x0000000710d00000, 0x0000000710e00000|  0%| F|  |TAMS 0x0000000710d00000, 0x0000000710d00000| Untracked 
| 198|0x0000000710e00000, 0x0000000710e00000, 0x0000000710f00000|  0%| F|  |TAMS 0x0000000710e00000, 0x0000000710e00000| Untracked 
| 199|0x0000000710f00000, 0x0000000710f00000, 0x0000000711000000|  0%| F|  |TAMS 0x0000000710f00000, 0x0000000710f00000| Untracked 
| 200|0x0000000711000000, 0x0000000711000000, 0x0000000711100000|  0%| F|  |TAMS 0x0000000711000000, 0x0000000711000000| Untracked 
| 201|0x0000000711100000, 0x0000000711100000, 0x0000000711200000|  0%| F|  |TAMS 0x0000000711100000, 0x0000000711100000| Untracked 
| 202|0x0000000711200000, 0x0000000711200000, 0x0000000711300000|  0%| F|  |TAMS 0x0000000711200000, 0x0000000711200000| Untracked 
| 203|0x0000000711300000, 0x0000000711300000, 0x0000000711400000|  0%| F|  |TAMS 0x0000000711300000, 0x0000000711300000| Untracked 
| 204|0x0000000711400000, 0x0000000711400000, 0x0000000711500000|  0%| F|  |TAMS 0x0000000711400000, 0x0000000711400000| Untracked 
| 205|0x0000000711500000, 0x0000000711500000, 0x0000000711600000|  0%| F|  |TAMS 0x0000000711500000, 0x0000000711500000| Untracked 
| 206|0x0000000711600000, 0x0000000711600000, 0x0000000711700000|  0%| F|  |TAMS 0x0000000711600000, 0x0000000711600000| Untracked 
| 207|0x0000000711700000, 0x00000007117de4c0, 0x0000000711800000| 86%| E|  |TAMS 0x0000000711700000, 0x0000000711700000| Complete 
| 208|0x0000000711800000, 0x0000000711900000, 0x0000000711900000|100%| E|CS|TAMS 0x0000000711800000, 0x0000000711800000| Complete 
| 209|0x0000000711900000, 0x0000000711a00000, 0x0000000711a00000|100%| E|CS|TAMS 0x0000000711900000, 0x0000000711900000| Complete 
| 210|0x0000000711a00000, 0x0000000711b00000, 0x0000000711b00000|100%| E|CS|TAMS 0x0000000711a00000, 0x0000000711a00000| Complete 
| 211|0x0000000711b00000, 0x0000000711c00000, 0x0000000711c00000|100%| E|CS|TAMS 0x0000000711b00000, 0x0000000711b00000| Complete 
| 212|0x0000000711c00000, 0x0000000711d00000, 0x0000000711d00000|100%| E|CS|TAMS 0x0000000711c00000, 0x0000000711c00000| Complete 
| 213|0x0000000711d00000, 0x0000000711e00000, 0x0000000711e00000|100%| E|CS|TAMS 0x0000000711d00000, 0x0000000711d00000| Complete 
| 214|0x0000000711e00000, 0x0000000711f00000, 0x0000000711f00000|100%| E|CS|TAMS 0x0000000711e00000, 0x0000000711e00000| Complete 
| 215|0x0000000711f00000, 0x0000000712000000, 0x0000000712000000|100%| E|CS|TAMS 0x0000000711f00000, 0x0000000711f00000| Complete 
| 216|0x0000000712000000, 0x0000000712100000, 0x0000000712100000|100%| E|CS|TAMS 0x0000000712000000, 0x0000000712000000| Complete 
| 217|0x0000000712100000, 0x0000000712200000, 0x0000000712200000|100%| E|CS|TAMS 0x0000000712100000, 0x0000000712100000| Complete 
| 218|0x0000000712200000, 0x0000000712300000, 0x0000000712300000|100%| E|CS|TAMS 0x0000000712200000, 0x0000000712200000| Complete 
| 219|0x0000000712300000, 0x0000000712400000, 0x0000000712400000|100%| E|CS|TAMS 0x0000000712300000, 0x0000000712300000| Complete 
| 220|0x0000000712400000, 0x0000000712500000, 0x0000000712500000|100%| E|CS|TAMS 0x0000000712400000, 0x0000000712400000| Complete 
| 221|0x0000000712500000, 0x0000000712600000, 0x0000000712600000|100%| E|CS|TAMS 0x0000000712500000, 0x0000000712500000| Complete 
| 222|0x0000000712600000, 0x0000000712700000, 0x0000000712700000|100%| E|CS|TAMS 0x0000000712600000, 0x0000000712600000| Complete 
| 223|0x0000000712700000, 0x0000000712800000, 0x0000000712800000|100%| E|CS|TAMS 0x0000000712700000, 0x0000000712700000| Complete 
| 224|0x0000000712800000, 0x0000000712900000, 0x0000000712900000|100%| E|CS|TAMS 0x0000000712800000, 0x0000000712800000| Complete 
| 225|0x0000000712900000, 0x0000000712a00000, 0x0000000712a00000|100%| E|CS|TAMS 0x0000000712900000, 0x0000000712900000| Complete 
| 226|0x0000000712a00000, 0x0000000712b00000, 0x0000000712b00000|100%| E|CS|TAMS 0x0000000712a00000, 0x0000000712a00000| Complete 
| 227|0x0000000712b00000, 0x0000000712c00000, 0x0000000712c00000|100%| E|CS|TAMS 0x0000000712b00000, 0x0000000712b00000| Complete 
| 228|0x0000000712c00000, 0x0000000712d00000, 0x0000000712d00000|100%| E|CS|TAMS 0x0000000712c00000, 0x0000000712c00000| Complete 
| 229|0x0000000712d00000, 0x0000000712e00000, 0x0000000712e00000|100%| E|CS|TAMS 0x0000000712d00000, 0x0000000712d00000| Complete 
| 230|0x0000000712e00000, 0x0000000712f00000, 0x0000000712f00000|100%| E|CS|TAMS 0x0000000712e00000, 0x0000000712e00000| Complete 
| 231|0x0000000712f00000, 0x0000000713000000, 0x0000000713000000|100%| E|CS|TAMS 0x0000000712f00000, 0x0000000712f00000| Complete 
| 232|0x0000000713000000, 0x0000000713100000, 0x0000000713100000|100%| E|CS|TAMS 0x0000000713000000, 0x0000000713000000| Complete 
| 233|0x0000000713100000, 0x0000000713200000, 0x0000000713200000|100%| E|CS|TAMS 0x0000000713100000, 0x0000000713100000| Complete 
| 234|0x0000000713200000, 0x0000000713300000, 0x0000000713300000|100%| E|CS|TAMS 0x0000000713200000, 0x0000000713200000| Complete 
| 235|0x0000000713300000, 0x0000000713400000, 0x0000000713400000|100%| E|CS|TAMS 0x0000000713300000, 0x0000000713300000| Complete 
| 236|0x0000000713400000, 0x0000000713500000, 0x0000000713500000|100%| E|CS|TAMS 0x0000000713400000, 0x0000000713400000| Complete 
| 237|0x0000000713500000, 0x0000000713600000, 0x0000000713600000|100%| E|CS|TAMS 0x0000000713500000, 0x0000000713500000| Complete 
| 238|0x0000000713600000, 0x0000000713700000, 0x0000000713700000|100%| E|CS|TAMS 0x0000000713600000, 0x0000000713600000| Complete 
| 239|0x0000000713700000, 0x0000000713800000, 0x0000000713800000|100%| E|CS|TAMS 0x0000000713700000, 0x0000000713700000| Complete 
| 240|0x0000000713800000, 0x0000000713900000, 0x0000000713900000|100%| E|CS|TAMS 0x0000000713800000, 0x0000000713800000| Complete 
| 241|0x0000000713900000, 0x0000000713a00000, 0x0000000713a00000|100%| E|CS|TAMS 0x0000000713900000, 0x0000000713900000| Complete 
| 242|0x0000000713a00000, 0x0000000713b00000, 0x0000000713b00000|100%| E|CS|TAMS 0x0000000713a00000, 0x0000000713a00000| Complete 
| 243|0x0000000713b00000, 0x0000000713c00000, 0x0000000713c00000|100%| E|CS|TAMS 0x0000000713b00000, 0x0000000713b00000| Complete 
| 244|0x0000000713c00000, 0x0000000713d00000, 0x0000000713d00000|100%| E|CS|TAMS 0x0000000713c00000, 0x0000000713c00000| Complete 
| 245|0x0000000713d00000, 0x0000000713e00000, 0x0000000713e00000|100%| E|CS|TAMS 0x0000000713d00000, 0x0000000713d00000| Complete 
| 246|0x0000000713e00000, 0x0000000713f00000, 0x0000000713f00000|100%| E|CS|TAMS 0x0000000713e00000, 0x0000000713e00000| Complete 
| 247|0x0000000713f00000, 0x0000000714000000, 0x0000000714000000|100%| E|CS|TAMS 0x0000000713f00000, 0x0000000713f00000| Complete 
| 248|0x0000000714000000, 0x0000000714100000, 0x0000000714100000|100%| E|CS|TAMS 0x0000000714000000, 0x0000000714000000| Complete 
| 249|0x0000000714100000, 0x0000000714200000, 0x0000000714200000|100%| E|CS|TAMS 0x0000000714100000, 0x0000000714100000| Complete 
| 250|0x0000000714200000, 0x0000000714300000, 0x0000000714300000|100%| E|CS|TAMS 0x0000000714200000, 0x0000000714200000| Complete 
| 251|0x0000000714300000, 0x0000000714400000, 0x0000000714400000|100%| E|  |TAMS 0x0000000714300000, 0x0000000714300000| Complete 

Card table byte_map: [0x000001c4b66c0000,0x000001c4b6ea0000] _byte_map_base: 0x000001c4b2e9c000

Marking Bits (Prev, Next): (CMBitMap*) 0x000001c49ee034d8, (CMBitMap*) 0x000001c49ee03510
 Prev Bits: [0x000001c4b7680000, 0x000001c4bb560000)
 Next Bits: [0x000001c4bb560000, 0x000001c4bf440000)

Polling page: 0x000001c49d4d0000

Metaspace:

Usage:
  Non-class:      8.00 MB capacity,     7.95 MB (>99%) used,    47.70 KB ( <1%) free+waste,     6.50 KB ( <1%) overhead. 
      Class:    836.00 KB capacity,   787.94 KB ( 94%) used,    45.44 KB (  5%) free+waste,     2.63 KB ( <1%) overhead. 
       Both:      8.82 MB capacity,     8.72 MB ( 99%) used,    93.13 KB (  1%) free+waste,     9.13 KB ( <1%) overhead. 

Virtual space:
  Non-class space:        8.00 MB reserved,       8.00 MB (100%) committed 
      Class space:        1.00 GB reserved,     896.00 KB ( <1%) committed 
             Both:        1.01 GB reserved,       8.88 MB ( <1%) committed 

Chunk freelists:
   Non-Class:  0 bytes
       Class:  3.50 KB
        Both:  3.50 KB

CodeHeap 'non-profiled nmethods': size=120000Kb used=140Kb max_used=140Kb free=119859Kb
 bounds [0x000001c4adf30000, 0x000001c4ae1a0000, 0x000001c4b5460000]
CodeHeap 'profiled nmethods': size=120000Kb used=615Kb max_used=615Kb free=119384Kb
 bounds [0x000001c4a6a00000, 0x000001c4a6c70000, 0x000001c4adf30000]
CodeHeap 'non-nmethods': size=5760Kb used=1169Kb max_used=1185Kb free=4590Kb
 bounds [0x000001c4a6460000, 0x000001c4a66d0000, 0x000001c4a6a00000]
 total_blobs=827 nmethods=463 adapters=284
 compilation: enabled
              stopped_count=0, restarted_count=0
 full_count=0

Compilation events (10 events):
Event: 1516.186 Thread 0x000001c4c1fdc000  459       1       java.security.ProtectionDomain::getCodeSource (5 bytes)
Event: 1516.186 Thread 0x000001c4c1fdc000 nmethod 459 0x000001c4adf52c10 code [0x000001c4adf52da0, 0x000001c4adf52e58]
Event: 1534.395 Thread 0x000001c4c1fdc000  460       3       org.eclipse.jdt.launching.internal.org.objectweb.asm.ByteVector::putShort (52 bytes)
Event: 1534.400 Thread 0x000001c4c1fdc000 nmethod 460 0x000001c4a6a98710 code [0x000001c4a6a988c0, 0x000001c4a6a98ac8]
Event: 1927.473 Thread 0x000001c4c1fd9000  461       4       org.eclipse.jdt.launching.internal.org.objectweb.asm.ClassReader::getItem (7 bytes)
Event: 1927.477 Thread 0x000001c4c1fd9000 nmethod 461 0x000001c4adf52f10 code [0x000001c4adf53080, 0x000001c4adf53158]
Event: 2498.187 Thread 0x000001c4c1fdc000  462       3       org.eclipse.jdt.launching.internal.org.objectweb.asm.ClassReader::readClass (7 bytes)
Event: 2498.188 Thread 0x000001c4c1fdc000 nmethod 462 0x000001c4a6a98c10 code [0x000001c4a6a98de0, 0x000001c4a6a99268]
Event: 2498.188 Thread 0x000001c4c1fdc000  463       3       org.eclipse.jdt.launching.internal.org.objectweb.asm.ClassReader::readStringish (16 bytes)
Event: 2498.193 Thread 0x000001c4c1fdc000 nmethod 463 0x000001c4a6a99510 code [0x000001c4a6a996e0, 0x000001c4a6a99ae8]

GC Heap History (10 events):
Event: 46.287 GC heap before
{Heap before GC invocations=282 (full 0):
 garbage-first heap   total 258048K, used 154410K [0x0000000704800000, 0x0000000800000000)
  region size 1024K, 151 young (154624K), 1 survivors (1024K)
 Metaspace       used 8820K, capacity 8964K, committed 9088K, reserved 1056768K
  class space    used 778K, capacity 836K, committed 896K, reserved 1048576K
}
Event: 46.287 GC heap after
{Heap after GC invocations=283 (full 0):
 garbage-first heap   total 258048K, used 1834K [0x0000000704800000, 0x0000000800000000)
  region size 1024K, 1 young (1024K), 1 survivors (1024K)
 Metaspace       used 8820K, capacity 8964K, committed 9088K, reserved 1056768K
  class space    used 778K, capacity 836K, committed 896K, reserved 1048576K
}
Event: 46.361 GC heap before
{Heap before GC invocations=283 (full 0):
 garbage-first heap   total 258048K, used 154410K [0x0000000704800000, 0x0000000800000000)
  region size 1024K, 151 young (154624K), 1 survivors (1024K)
 Metaspace       used 8820K, capacity 8964K, committed 9088K, reserved 1056768K
  class space    used 778K, capacity 836K, committed 896K, reserved 1048576K
}
Event: 46.362 GC heap after
{Heap after GC invocations=284 (full 0):
 garbage-first heap   total 258048K, used 2024K [0x0000000704800000, 0x0000000800000000)
  region size 1024K, 1 young (1024K), 1 survivors (1024K)
 Metaspace       used 8820K, capacity 8964K, committed 9088K, reserved 1056768K
  class space    used 778K, capacity 836K, committed 896K, reserved 1048576K
}
Event: 46.425 GC heap before
{Heap before GC invocations=284 (full 0):
 garbage-first heap   total 258048K, used 154600K [0x0000000704800000, 0x0000000800000000)
  region size 1024K, 151 young (154624K), 1 survivors (1024K)
 Metaspace       used 8820K, capacity 8964K, committed 9088K, reserved 1056768K
  class space    used 778K, capacity 836K, committed 896K, reserved 1048576K
}
Event: 46.426 GC heap after
{Heap after GC invocations=285 (full 0):
 garbage-first heap   total 258048K, used 2025K [0x0000000704800000, 0x0000000800000000)
  region size 1024K, 1 young (1024K), 1 survivors (1024K)
 Metaspace       used 8820K, capacity 8964K, committed 9088K, reserved 1056768K
  class space    used 778K, capacity 836K, committed 896K, reserved 1048576K
}
Event: 46.492 GC heap before
{Heap before GC invocations=285 (full 0):
 garbage-first heap   total 258048K, used 154601K [0x0000000704800000, 0x0000000800000000)
  region size 1024K, 151 young (154624K), 1 survivors (1024K)
 Metaspace       used 8820K, capacity 8964K, committed 9088K, reserved 1056768K
  class space    used 778K, capacity 836K, committed 896K, reserved 1048576K
}
Event: 46.493 GC heap after
{Heap after GC invocations=286 (full 0):
 garbage-first heap   total 258048K, used 2025K [0x0000000704800000, 0x0000000800000000)
  region size 1024K, 1 young (1024K), 1 survivors (1024K)
 Metaspace       used 8820K, capacity 8964K, committed 9088K, reserved 1056768K
  class space    used 778K, capacity 836K, committed 896K, reserved 1048576K
}
Event: 46.554 GC heap before
{Heap before GC invocations=286 (full 0):
 garbage-first heap   total 258048K, used 154601K [0x0000000704800000, 0x0000000800000000)
  region size 1024K, 151 young (154624K), 1 survivors (1024K)
 Metaspace       used 8820K, capacity 8964K, committed 9088K, reserved 1056768K
  class space    used 778K, capacity 836K, committed 896K, reserved 1048576K
}
Event: 46.554 GC heap after
{Heap after GC invocations=287 (full 0):
 garbage-first heap   total 258048K, used 1836K [0x0000000704800000, 0x0000000800000000)
  region size 1024K, 1 young (1024K), 1 survivors (1024K)
 Metaspace       used 8820K, capacity 8964K, committed 9088K, reserved 1056768K
  class space    used 778K, capacity 836K, committed 896K, reserved 1048576K
}

Deoptimization events (2 events):
Event: 0.659 Thread 0x000001c49ed94800 Uncommon trap: reason=unstable_if action=reinterpret pc=0x000001c4adf351dc method=java.lang.String.isLatin1()Z @ 10 c2
Event: 2.774 Thread 0x000001c49ed94800 Uncommon trap: reason=unstable_if action=reinterpret pc=0x000001c4adf3c52c method=java.util.HashMap.putVal(ILjava/lang/Object;Ljava/lang/Object;ZZ)Ljava/lang/Object; @ 181 c2

Classes redefined (10 events):
Event: 1451.918 Thread 0x000001c4c1faf000 redefined class name=codingtest.Solution, count=3
Event: 1475.865 Thread 0x000001c4c1faf000 redefined class name=codingtest.Main, count=4
Event: 1475.867 Thread 0x000001c4c1faf000 redefined class name=codingtest.Solution, count=4
Event: 1516.189 Thread 0x000001c4c1faf000 redefined class name=codingtest.Main, count=5
Event: 1516.191 Thread 0x000001c4c1faf000 redefined class name=codingtest.Solution, count=5
Event: 1534.398 Thread 0x000001c4c1faf000 redefined class name=codingtest.Main, count=6
Event: 1534.399 Thread 0x000001c4c1faf000 redefined class name=codingtest.Solution, count=6
Event: 1725.270 Thread 0x000001c4c1faf000 redefined class name=codingtest.Main, count=7
Event: 1927.476 Thread 0x000001c4c1faf000 redefined class name=codingtest.Main, count=8
Event: 2498.191 Thread 0x000001c4c1faf000 redefined class name=codingtest.Main, count=9

Internal exceptions (0 events):
No events

Events (10 events):
Event: 2908.197 Executing VM operation: ChangeSingleStep done
Event: 2908.197 Executing VM operation: UpdateForPopTopFrame
Event: 2908.198 Executing VM operation: UpdateForPopTopFrame done
Event: 2908.198 Executing VM operation: ChangeSingleStep
Event: 2908.198 Executing VM operation: ChangeSingleStep done
Event: 2908.198 Executing VM operation: GetFrameCount
Event: 2908.198 Executing VM operation: GetFrameCount done
Event: 2908.198 Executing VM operation: GetStackTrace
Event: 2908.198 Executing VM operation: GetStackTrace done
Event: 2908.207 Executing VM operation: RedefineClasses


Dynamic libraries:
0x00007ff6ba9c0000 - 0x00007ff6ba9cf000 	C:\Program Files\Java\jdk-11.0.16.1\bin\javaw.exe
0x00007ffdce390000 - 0x00007ffdce588000 	C:\Windows\SYSTEM32\ntdll.dll
0x00007ffdcc750000 - 0x00007ffdcc80d000 	C:\Windows\System32\KERNEL32.DLL
0x00007ffdcbfd0000 - 0x00007ffdcc2a2000 	C:\Windows\System32\KERNELBASE.dll
0x00007ffdcbaa0000 - 0x00007ffdcbba0000 	C:\Windows\System32\ucrtbase.dll
0x00007ffd9ee70000 - 0x00007ffd9ee85000 	C:\Program Files\Java\jdk-11.0.16.1\bin\VCRUNTIME140.dll
0x00007ffdb0b10000 - 0x00007ffdb0b28000 	C:\Program Files\Java\jdk-11.0.16.1\bin\jli.dll
0x00007ffdcce30000 - 0x00007ffdccede000 	C:\Windows\System32\ADVAPI32.dll
0x00007ffdcde30000 - 0x00007ffdcdece000 	C:\Windows\System32\msvcrt.dll
0x00007ffdccd90000 - 0x00007ffdcce2c000 	C:\Windows\System32\sechost.dll
0x00007ffdcdfa0000 - 0x00007ffdce0c5000 	C:\Windows\System32\RPCRT4.dll
0x00007ffdce0d0000 - 0x00007ffdce26d000 	C:\Windows\System32\USER32.dll
0x00007ffdcbc80000 - 0x00007ffdcbca2000 	C:\Windows\System32\win32u.dll
0x00007ffdce320000 - 0x00007ffdce34b000 	C:\Windows\System32\GDI32.dll
0x00007ffdcbd60000 - 0x00007ffdcbe6f000 	C:\Windows\System32\gdi32full.dll
0x00007ffdcc320000 - 0x00007ffdcc3bd000 	C:\Windows\System32\msvcp_win.dll
0x00007ffdc1340000 - 0x00007ffdc134a000 	C:\Windows\SYSTEM32\VERSION.dll
0x00007ffdada20000 - 0x00007ffdadcba000 	C:\Windows\WinSxS\amd64_microsoft.windows.common-controls_6595b64144ccf1df_6.0.19041.1110_none_60b5254171f9507e\COMCTL32.dll
0x00007ffdcd1f0000 - 0x00007ffdcd220000 	C:\Windows\System32\IMM32.DLL
0x00007ffd8e580000 - 0x00007ffd8e61b000 	C:\Program Files\Java\jdk-11.0.16.1\bin\msvcp140.dll
0x00007ffd547c0000 - 0x00007ffd552d8000 	C:\Program Files\Java\jdk-11.0.16.1\bin\server\jvm.dll
0x00007ffdcdd70000 - 0x00007ffdcdd78000 	C:\Windows\System32\PSAPI.DLL
0x00007ffdc70b0000 - 0x00007ffdc70d7000 	C:\Windows\SYSTEM32\WINMM.dll
0x00007ffdafbc0000 - 0x00007ffdafbc9000 	C:\Windows\SYSTEM32\WSOCK32.dll
0x00007ffdcc450000 - 0x00007ffdcc4bb000 	C:\Windows\System32\WS2_32.dll
0x00007ffdca2f0000 - 0x00007ffdca302000 	C:\Windows\SYSTEM32\kernel.appcore.dll
0x00007ffdc3ae0000 - 0x00007ffdc3af0000 	C:\Program Files\Java\jdk-11.0.16.1\bin\verify.dll
0x00007ffdc9830000 - 0x00007ffdc9a14000 	C:\Windows\SYSTEM32\DBGHELP.DLL
0x00007ffdc6f40000 - 0x00007ffdc6f6c000 	C:\Windows\SYSTEM32\dbgcore.DLL
0x00007ffdcbba0000 - 0x00007ffdcbc22000 	C:\Windows\System32\bcryptPrimitives.dll
0x00007ffdbd900000 - 0x00007ffdbd928000 	C:\Program Files\Java\jdk-11.0.16.1\bin\java.dll
0x00007ffdc3ad0000 - 0x00007ffdc3ada000 	C:\Program Files\Java\jdk-11.0.16.1\bin\jimage.dll
0x00007ffd8e540000 - 0x00007ffd8e578000 	C:\Program Files\Java\jdk-11.0.16.1\bin\jdwp.dll
0x00007ffdb25f0000 - 0x00007ffdb25fe000 	C:\Program Files\Java\jdk-11.0.16.1\bin\instrument.dll
0x00007ffdb0af0000 - 0x00007ffdb0b06000 	C:\Program Files\Java\jdk-11.0.16.1\bin\zip.dll
0x00007ffdcd620000 - 0x00007ffdcdd63000 	C:\Windows\System32\SHELL32.dll
0x00007ffdc9b40000 - 0x00007ffdca2d1000 	C:\Windows\SYSTEM32\windows.storage.dll
0x00007ffdcd230000 - 0x00007ffdcd584000 	C:\Windows\System32\combase.dll
0x00007ffdcb500000 - 0x00007ffdcb530000 	C:\Windows\SYSTEM32\Wldp.dll
0x00007ffdce270000 - 0x00007ffdce31d000 	C:\Windows\System32\SHCORE.dll
0x00007ffdccee0000 - 0x00007ffdccf35000 	C:\Windows\System32\shlwapi.dll
0x00007ffdcb9e0000 - 0x00007ffdcb9ff000 	C:\Windows\SYSTEM32\profapi.dll
0x00007ffdabab0000 - 0x00007ffdababa000 	C:\Program Files\Java\jdk-11.0.16.1\bin\dt_socket.dll
0x00007ffdcb260000 - 0x00007ffdcb2ca000 	C:\Windows\System32\mswsock.dll
0x00007ffdcaf90000 - 0x00007ffdcb05a000 	C:\Windows\SYSTEM32\DNSAPI.dll
0x00007ffdcaf00000 - 0x00007ffdcaf3b000 	C:\Windows\SYSTEM32\IPHLPAPI.DLL
0x00007ffdcd5b0000 - 0x00007ffdcd5b8000 	C:\Windows\System32\NSI.dll
0x00007ffdbf450000 - 0x00007ffdbf4d0000 	C:\Windows\System32\fwpuclnt.dll
0x00007ffdcc3c0000 - 0x00007ffdcc3e7000 	C:\Windows\System32\bcrypt.dll
0x00007ffdc1350000 - 0x00007ffdc135a000 	C:\Windows\System32\rasadhlp.dll
0x00007ffdab890000 - 0x00007ffdab8a9000 	C:\Program Files\Java\jdk-11.0.16.1\bin\net.dll
0x00007ffdc5f70000 - 0x00007ffdc607d000 	C:\Windows\SYSTEM32\WINHTTP.dll
0x00007ffdab7c0000 - 0x00007ffdab7d2000 	C:\Program Files\Java\jdk-11.0.16.1\bin\nio.dll

dbghelp: loaded successfully - version: 4.0.5 - missing functions: none
symbol engine: initialized successfully - sym options: 0x614 - pdb path: .;C:\Program Files\Java\jdk-11.0.16.1\bin;C:\Windows\SYSTEM32;C:\Windows\WinSxS\amd64_microsoft.windows.common-controls_6595b64144ccf1df_6.0.19041.1110_none_60b5254171f9507e;C:\Program Files\Java\jdk-11.0.16.1\bin\server

VM Arguments:
jvm_args: -agentlib:jdwp=transport=dt_socket,suspend=y,address=localhost:50518 -javaagent:C:\dev64\eclipse\configuration\org.eclipse.osgi\421\0\.cp\lib\javaagent-shaded.jar -Dfile.encoding=UTF-8 
java_command: codingtest.Main
java_class_path (initial): C:\dev64\workspace\javadev\bin;C:\dev64\eclipse\lombok.jar;C:\dev64\mylib\commons-codec-1.15\commons-codec-1.15.jar
Launcher Type: SUN_STANDARD

[Global flags]
     intx CICompilerCount                          = 4                                         {product} {ergonomic}
     uint ConcGCThreads                            = 2                                         {product} {ergonomic}
     uint G1ConcRefinementThreads                  = 8                                         {product} {ergonomic}
   size_t G1HeapRegionSize                         = 1048576                                   {product} {ergonomic}
    uintx GCDrainStackTargetSize                   = 64                                        {product} {ergonomic}
   size_t InitialHeapSize                          = 264241152                                 {product} {ergonomic}
   size_t MarkStackSize                            = 4194304                                   {product} {ergonomic}
   size_t MaxHeapSize                              = 4219469824                                {product} {ergonomic}
   size_t MaxNewSize                               = 2531262464                                {product} {ergonomic}
   size_t MinHeapDeltaBytes                        = 1048576                                   {product} {ergonomic}
    uintx NonNMethodCodeHeapSize                   = 5836300                                {pd product} {ergonomic}
    uintx NonProfiledCodeHeapSize                  = 122910970                              {pd product} {ergonomic}
    uintx ProfiledCodeHeapSize                     = 122910970                              {pd product} {ergonomic}
    uintx ReservedCodeCacheSize                    = 251658240                              {pd product} {ergonomic}
     bool SegmentedCodeCache                       = true                                      {product} {ergonomic}
     bool UseCompressedClassPointers               = true                                 {lp64_product} {ergonomic}
     bool UseCompressedOops                        = true                                 {lp64_product} {ergonomic}
     bool UseG1GC                                  = true                                      {product} {ergonomic}
     bool UseLargePagesIndividualAllocation        = false                                  {pd product} {ergonomic}

Logging:
Log output configuration:
 #0: stdout all=warning uptime,level,tags
 #1: stderr all=off uptime,level,tags

Environment Variables:
JAVA_HOME=C:\Program Files\Java\jdk-11.0.16.1
PATH=C:/Program Files/Java/jdk-11.0.16.1/bin/server;C:/Program Files/Java/jdk-11.0.16.1/bin;C:\app\KOSA\product\21c\dbhomeXE\bin;C:\Program Files\Java\jdk-11.0.16.1\bin;C:\Program Files\Common Files\Oracle\Java\javapath;C:\Windows\system32;C:\Windows;C:\Windows\System32\Wbem;C:\Windows\System32\WindowsPowerShell\v1.0\;C:\Windows\System32\OpenSSH\;C:\Program Files\Git\cmd;C:\Users\KOSA\AppData\Local\Microsoft\WindowsApps;;C:\Users\KOSA\AppData\Local\Programs\Microsoft VS Code\bin;C:\Windows\System32;
USERNAME=KOSA
OS=Windows_NT
PROCESSOR_IDENTIFIER=Intel64 Family 6 Model 140 Stepping 1, GenuineIntel



---------------  S Y S T E M  ---------------

OS: Windows 10 , 64 bit Build 19041 (10.0.19041.1889)

CPU:total 8 (initial active 8) (4 cores per cpu, 2 threads per core) family 6 model 140 stepping 1 microcode 0x9a, cmov, cx8, fxsr, mmx, sse, sse2, sse3, ssse3, sse4.1, sse4.2, popcnt, avx, avx2, aes, clmul, erms, 3dnowpref, lzcnt, ht, tsc, tscinvbit, bmi1, bmi2, adx, evex, sha, fma

Memory: 4k page, system-wide physical 16092M (4800M free)
TotalPageFile size 31251M (AvailPageFile size 4256M)
current process WorkingSet (physical memory assigned to process): 179M, peak: 200M
current process commit charge ("private bytes"): 340M, peak: 344M

vm_info: Java HotSpot(TM) 64-Bit Server VM (11.0.16.1+1-LTS-1) for windows-amd64 JRE (11.0.16.1+1-LTS-1), built on Aug 16 2022 01:46:01 by "mach5one" with MS VC++ 15.9 (VS2017)

END.
